C:\GENERAL\TEACHING\CAMPUSNORD\VIDEOJOCS\2017-18-Q2\2D\EXOPENGL3\LEMMINGS\01-MASKEDMAP\DEBUG\01-MASKEDMAP.EXE
C:\GENERAL\TEACHING\CAMPUSNORD\VIDEOJOCS\2017-18-Q2\2D\EXOPENGL3\LEMMINGS\01-MASKEDMAP\DEBUG\01-MASKEDMAP.EXE.EMBED.MANIFEST
C:\GENERAL\TEACHING\CAMPUSNORD\VIDEOJOCS\2017-18-Q2\2D\EXOPENGL3\LEMMINGS\01-MASKEDMAP\DEBUG\01-MASKEDMAP.EXE.EMBED.MANIFEST.RES
C:\GENERAL\TEACHING\CAMPUSNORD\VIDEOJOCS\2017-18-Q2\2D\EXOPENGL3\LEMMINGS\01-MASKEDMAP\DEBUG\01-MASKEDMAP.EXE.INTERMEDIATE.MANIFEST
C:\GENERAL\TEACHING\CAMPUSNORD\VIDEOJOCS\2017-18-Q2\2D\EXOPENGL3\LEMMINGS\01-MASKEDMAP\DEBUG\01-MASKEDMAP.ILK
C:\GENERAL\TEACHING\CAMPUSNORD\VIDEOJOCS\2017-18-Q2\2D\EXOPENGL3\LEMMINGS\01-MASKEDMAP\DEBUG\01-MASKEDMAP.PDB
C:\GENERAL\teaching\CampusNord\Videojocs\2017-18-Q2\2D\ExOpenGL3\Lemmings\01-MaskedMap\Debug\01-MaskedMap.vcxprojResolveAssemblyReference.cache
C:\GENERAL\teaching\CampusNord\Videojocs\2017-18-Q2\2D\ExOpenGL3\Lemmings\01-MaskedMap\Debug\01-MaskedMap.write.1.tlog
C:\GENERAL\teaching\CampusNord\Videojocs\2017-18-Q2\2D\ExOpenGL3\Lemmings\01-MaskedMap\Debug\01-MaskedMap_manifest.rc
C:\GENERAL\teaching\CampusNord\Videojocs\2017-18-Q2\2D\ExOpenGL3\Lemmings\01-MaskedMap\Debug\cl.command.1.tlog
C:\GENERAL\teaching\CampusNord\Videojocs\2017-18-Q2\2D\ExOpenGL3\Lemmings\01-MaskedMap\Debug\CL.read.1.tlog
C:\GENERAL\teaching\CampusNord\Videojocs\2017-18-Q2\2D\ExOpenGL3\Lemmings\01-MaskedMap\Debug\CL.write.1.tlog
C:\GENERAL\TEACHING\CAMPUSNORD\VIDEOJOCS\2017-18-Q2\2D\EXOPENGL3\LEMMINGS\01-MASKEDMAP\DEBUG\GAME.OBJ
C:\GENERAL\teaching\CampusNord\Videojocs\2017-18-Q2\2D\ExOpenGL3\Lemmings\01-MaskedMap\Debug\link.command.1.tlog
C:\GENERAL\teaching\CampusNord\Videojocs\2017-18-Q2\2D\ExOpenGL3\Lemmings\01-MaskedMap\Debug\link.read.1.tlog
C:\GENERAL\teaching\CampusNord\Videojocs\2017-18-Q2\2D\ExOpenGL3\Lemmings\01-MaskedMap\Debug\link.read.2.tlog
C:\GENERAL\teaching\CampusNord\Videojocs\2017-18-Q2\2D\ExOpenGL3\Lemmings\01-MaskedMap\Debug\link.write.1.tlog
C:\GENERAL\teaching\CampusNord\Videojocs\2017-18-Q2\2D\ExOpenGL3\Lemmings\01-MaskedMap\Debug\link-cvtres.read.1.tlog
C:\GENERAL\teaching\CampusNord\Videojocs\2017-18-Q2\2D\ExOpenGL3\Lemmings\01-MaskedMap\Debug\link-cvtres.write.1.tlog
C:\GENERAL\TEACHING\CAMPUSNORD\VIDEOJOCS\2017-18-Q2\2D\EXOPENGL3\LEMMINGS\01-MASKEDMAP\DEBUG\MAIN.OBJ
C:\GENERAL\TEACHING\CAMPUSNORD\VIDEOJOCS\2017-18-Q2\2D\EXOPENGL3\LEMMINGS\01-MASKEDMAP\DEBUG\MASKEDTEXTUREDQUAD.OBJ
C:\GENERAL\teaching\CampusNord\Videojocs\2017-18-Q2\2D\ExOpenGL3\Lemmings\01-MaskedMap\Debug\mt.command.1.tlog
C:\GENERAL\teaching\CampusNord\Videojocs\2017-18-Q2\2D\ExOpenGL3\Lemmings\01-MaskedMap\Debug\mt.read.1.tlog
C:\GENERAL\teaching\CampusNord\Videojocs\2017-18-Q2\2D\ExOpenGL3\Lemmings\01-MaskedMap\Debug\mt.write.1.tlog
C:\GENERAL\teaching\CampusNord\Videojocs\2017-18-Q2\2D\ExOpenGL3\Lemmings\01-MaskedMap\Debug\rc.command.1.tlog
C:\GENERAL\teaching\CampusNord\Videojocs\2017-18-Q2\2D\ExOpenGL3\Lemmings\01-MaskedMap\Debug\rc.read.1.tlog
C:\GENERAL\teaching\CampusNord\Videojocs\2017-18-Q2\2D\ExOpenGL3\Lemmings\01-MaskedMap\Debug\rc.write.1.tlog
C:\GENERAL\TEACHING\CAMPUSNORD\VIDEOJOCS\2017-18-Q2\2D\EXOPENGL3\LEMMINGS\01-MASKEDMAP\DEBUG\SCENE.OBJ
C:\GENERAL\TEACHING\CAMPUSNORD\VIDEOJOCS\2017-18-Q2\2D\EXOPENGL3\LEMMINGS\01-MASKEDMAP\DEBUG\SHADER.OBJ
C:\GENERAL\TEACHING\CAMPUSNORD\VIDEOJOCS\2017-18-Q2\2D\EXOPENGL3\LEMMINGS\01-MASKEDMAP\DEBUG\SHADERPROGRAM.OBJ
C:\GENERAL\TEACHING\CAMPUSNORD\VIDEOJOCS\2017-18-Q2\2D\EXOPENGL3\LEMMINGS\01-MASKEDMAP\DEBUG\TEXTURE.OBJ
C:\GENERAL\TEACHING\CAMPUSNORD\VIDEOJOCS\2017-18-Q2\2D\EXOPENGL3\LEMMINGS\01-MASKEDMAP\DEBUG\VARIABLETEXTURE.OBJ
C:\GENERAL\teaching\CampusNord\Videojocs\2017-18-Q2\2D\ExOpenGL3\Lemmings\01-MaskedMap\Debug\vc100.idb
C:\GENERAL\TEACHING\CAMPUSNORD\VIDEOJOCS\2017-18-Q2\2D\EXOPENGL3\LEMMINGS\01-MASKEDMAP\DEBUG\VC100.PDB
